[debug] [2021-06-17T21:19:36.016Z] ----------------------------------------------------------------------
[debug] [2021-06-17T21:19:36.018Z] Command:       /usr/local/bin/node /usr/local/bin/firebase init
[debug] [2021-06-17T21:19:36.018Z] CLI Version:   9.13.0
[debug] [2021-06-17T21:19:36.018Z] Platform:      linux
[debug] [2021-06-17T21:19:36.018Z] Node Version:  v15.8.0
[debug] [2021-06-17T21:19:36.018Z] Time:          Thu Jun 17 2021 17:19:36 GMT-0400 (Eastern Daylight Time)
[debug] [2021-06-17T21:19:36.018Z] ----------------------------------------------------------------------
[debug] 
[debug] [2021-06-17T21:19:36.022Z] > command requires scopes: ["email","openid","https://www.googleapis.com/auth/cloudplatformprojects.readonly","https://www.googleapis.com/auth/firebase","https://www.googleapis.com/auth/cloud-platform"]
[debug] [2021-06-17T21:19:36.022Z] > authorizing via signed-in user (ikibirasj@gmail.com)
[info] 
     ######## #### ########  ######## ########     ###     ######  ########
     ##        ##  ##     ## ##       ##     ##  ##   ##  ##       ##
     ######    ##  ########  ######   ########  #########  ######  ######
     ##        ##  ##    ##  ##       ##     ## ##     ##       ## ##
     ##       #### ##     ## ######## ########  ##     ##  ######  ########

You're about to initialize a Firebase project in this directory:

  /home/stewart/Downloads/google-cloud/projects/first/my-app

[info] 
=== Project Setup
[info] 
[info] First, let's associate this project directory with a Firebase project.
[info] You can create multiple project aliases by running firebase use --add, 
[info] but for now we'll just set up a default project.
[info] 
[info] i  If you want to create a project in a Google Cloud organization or folder, please use "firebase projects:create" instead, and return to this command when you've created the project. 
[debug] [2021-06-17T21:20:14.888Z] > refreshing access token with scopes: ["email","https://www.googleapis.com/auth/cloud-platform","https://www.googleapis.com/auth/cloudplatformprojects.readonly","https://www.googleapis.com/auth/firebase","openid"]
[debug] [2021-06-17T21:20:14.888Z] >>> HTTP REQUEST POST https://www.googleapis.com/oauth2/v3/token  
 <request body omitted>
[debug] [2021-06-17T21:20:15.065Z] <<< HTTP RESPONSE 200 {"date":"Thu, 17 Jun 2021 21:20:15 GMT","cache-control":"no-cache, no-store, max-age=0, must-revalidate","expires":"Mon, 01 Jan 1990 00:00:00 GMT","pragma":"no-cache","content-type":"application/json; charset=utf-8","vary":"X-Origin, Referer, Origin,Accept-Encoding","server":"scaffolding on HTTPServer2","x-xss-protection":"0","x-frame-options":"SAMEORIGIN","x-content-type-options":"nosniff","alt-svc":"h3=\":443\"; ma=2592000,h3-29=\":443\"; ma=2592000,h3-T051=\":443\"; ma=2592000,h3-Q050=\":443\"; ma=2592000,h3-Q046=\":443\"; ma=2592000,h3-Q043=\":443\"; ma=2592000,quic=\":443\"; ma=2592000; v=\"46,43\"","accept-ranges":"none","transfer-encoding":"chunked"}
[debug] [2021-06-17T21:20:15.151Z] >>> HTTP REQUEST POST https://cloudresourcemanager.googleapis.com/v1/projects  
 {"projectId":"FirstFireApp","name":"FirstFireApp"}
[debug] [2021-06-17T21:20:15.411Z] <<< HTTP RESPONSE 400 {"vary":"X-Origin, Referer, Origin,Accept-Encoding","content-type":"application/json; charset=UTF-8","date":"Thu, 17 Jun 2021 21:20:15 GMT","server":"ESF","cache-control":"private","x-xss-protection":"0","x-frame-options":"SAMEORIGIN","x-content-type-options":"nosniff","server-timing":"gfet4t7; dur=142","alt-svc":"h3=\":443\"; ma=2592000,h3-29=\":443\"; ma=2592000,h3-T051=\":443\"; ma=2592000,h3-Q050=\":443\"; ma=2592000,h3-Q046=\":443\"; ma=2592000,h3-Q043=\":443\"; ma=2592000,quic=\":443\"; ma=2592000; v=\"46,43\"","accept-ranges":"none","transfer-encoding":"chunked"}
[debug] [2021-06-17T21:20:15.412Z] <<< HTTP RESPONSE BODY {"error":{"code":400,"message":"field [project_id] has issue [project_id contains invalid characters]","status":"INVALID_ARGUMENT","details":[{"@type":"type.googleapis.com/google.rpc.BadRequest","fieldViolations":[{"field":"project_id","description":"project_id contains invalid characters"}]},{"@type":"type.googleapis.com/google.rpc.Help","links":[{"url":"https://cloud.google.com/resource-manager/reference/rest/v1/projects"}]}]}}
[debug] [2021-06-17T21:20:15.547Z] FirebaseError: HTTP Error: 400, field [project_id] has issue [project_id contains invalid characters]
    at module.exports (/usr/local/lib/node_modules/firebase-tools/lib/responseToError.js:38:12)
    at Request._callback (/usr/local/lib/node_modules/firebase-tools/lib/api.js:41:35)
    at Request.self.callback (/usr/local/lib/node_modules/firebase-tools/node_modules/request/request.js:185:22)
    at Request.emit (node:events:378:20)
    at Request.EventEmitter.emit (node:domain:470:12)
    at Request.<anonymous> (/usr/local/lib/node_modules/firebase-tools/node_modules/request/request.js:1154:10)
    at Request.emit (node:events:378:20)
    at Request.EventEmitter.emit (node:domain:470:12)
    at IncomingMessage.<anonymous> (/usr/local/lib/node_modules/firebase-tools/node_modules/request/request.js:1076:12)
    at Object.onceWrapper (node:events:484:28)
    at IncomingMessage.emit (node:events:390:22)
    at IncomingMessage.EventEmitter.emit (node:domain:470:12)
    at endReadableNT (node:internal/streams/readable:1307:12)
    at processTicksAndRejections (node:internal/process/task_queues:81:21)
[error] 
[error] Error: Failed to create project. See firebase-debug.log for more info.
[debug] [2021-06-17T21:23:33.097Z] ----------------------------------------------------------------------
[debug] [2021-06-17T21:23:33.099Z] Command:       /usr/local/bin/node /usr/local/bin/firebase init
[debug] [2021-06-17T21:23:33.099Z] CLI Version:   9.13.0
[debug] [2021-06-17T21:23:33.099Z] Platform:      linux
[debug] [2021-06-17T21:23:33.099Z] Node Version:  v15.8.0
[debug] [2021-06-17T21:23:33.099Z] Time:          Thu Jun 17 2021 17:23:33 GMT-0400 (Eastern Daylight Time)
[debug] [2021-06-17T21:23:33.100Z] ----------------------------------------------------------------------
[debug] 
[debug] [2021-06-17T21:23:33.103Z] > command requires scopes: ["email","openid","https://www.googleapis.com/auth/cloudplatformprojects.readonly","https://www.googleapis.com/auth/firebase","https://www.googleapis.com/auth/cloud-platform"]
[debug] [2021-06-17T21:23:33.103Z] > authorizing via signed-in user (ikibirasj@gmail.com)
[info] 
     ######## #### ########  ######## ########     ###     ######  ########
     ##        ##  ##     ## ##       ##     ##  ##   ##  ##       ##
     ######    ##  ########  ######   ########  #########  ######  ######
     ##        ##  ##    ##  ##       ##     ## ##     ##       ## ##
     ##       #### ##     ## ######## ########  ##     ##  ######  ########

You're about to initialize a Firebase project in this directory:

  /home/stewart/Downloads/google-cloud/projects/first/my-app

[info] 
=== Project Setup
[info] 
[info] First, let's associate this project directory with a Firebase project.
[info] You can create multiple project aliases by running firebase use --add, 
[info] but for now we'll just set up a default project.
[info] 
[info] i  If you want to create a project in a Google Cloud organization or folder, please use "firebase projects:create" instead, and return to this command when you've created the project. 
[debug] [2021-06-17T21:23:54.649Z] >>> HTTP REQUEST POST https://cloudresourcemanager.googleapis.com/v1/projects  
 {"projectId":"pogofirstapp","name":"pogofirstapp"}
[debug] [2021-06-17T21:23:55.016Z] <<< HTTP RESPONSE 200 {"content-type":"application/json; charset=UTF-8","vary":"X-Origin, Referer, Origin,Accept-Encoding","date":"Thu, 17 Jun 2021 21:23:54 GMT","server":"ESF","cache-control":"private","x-xss-protection":"0","x-frame-options":"SAMEORIGIN","x-content-type-options":"nosniff","server-timing":"gfet4t7; dur=251","alt-svc":"h3=\":443\"; ma=2592000,h3-29=\":443\"; ma=2592000,h3-T051=\":443\"; ma=2592000,h3-Q050=\":443\"; ma=2592000,h3-Q046=\":443\"; ma=2592000,h3-Q043=\":443\"; ma=2592000,quic=\":443\"; ma=2592000; v=\"46,43\"","accept-ranges":"none","transfer-encoding":"chunked"}
[debug] [2021-06-17T21:23:55.018Z] > refreshing access token with scopes: []
[debug] [2021-06-17T21:23:55.018Z] >>> HTTP REQUEST POST https://www.googleapis.com/oauth2/v3/token  
 <request body omitted>
[debug] [2021-06-17T21:23:55.169Z] <<< HTTP RESPONSE 200 {"date":"Thu, 17 Jun 2021 21:23:55 GMT","pragma":"no-cache","cache-control":"no-cache, no-store, max-age=0, must-revalidate","expires":"Mon, 01 Jan 1990 00:00:00 GMT","content-type":"application/json; charset=utf-8","vary":"X-Origin, Referer, Origin,Accept-Encoding","server":"scaffolding on HTTPServer2","x-xss-protection":"0","x-frame-options":"SAMEORIGIN","x-content-type-options":"nosniff","alt-svc":"h3=\":443\"; ma=2592000,h3-29=\":443\"; ma=2592000,h3-T051=\":443\"; ma=2592000,h3-Q050=\":443\"; ma=2592000,h3-Q046=\":443\"; ma=2592000,h3-Q043=\":443\"; ma=2592000,quic=\":443\"; ma=2592000; v=\"46,43\"","accept-ranges":"none","transfer-encoding":"chunked"}
[debug] [2021-06-17T21:23:55.270Z] >>> [apiv2][query] GET https://cloudresourcemanager.googleapis.com/v1/operations/cp.6802512872118796057 [none]
[debug] [2021-06-17T21:23:55.634Z] <<< [apiv2][status] GET https://cloudresourcemanager.googleapis.com/v1/operations/cp.6802512872118796057 200
[debug] [2021-06-17T21:23:55.634Z] <<< [apiv2][body] GET https://cloudresourcemanager.googleapis.com/v1/operations/cp.6802512872118796057 {"name":"operations/cp.6802512872118796057"}
[debug] [2021-06-17T21:23:56.134Z] [Project Creation Poller] Retrying task index 0
[debug] [2021-06-17T21:23:56.135Z] >>> [apiv2][query] GET https://cloudresourcemanager.googleapis.com/v1/operations/cp.6802512872118796057 [none]
[debug] [2021-06-17T21:23:56.498Z] <<< [apiv2][status] GET https://cloudresourcemanager.googleapis.com/v1/operations/cp.6802512872118796057 200
[debug] [2021-06-17T21:23:56.498Z] <<< [apiv2][body] GET https://cloudresourcemanager.googleapis.com/v1/operations/cp.6802512872118796057 {"name":"operations/cp.6802512872118796057"}
[debug] [2021-06-17T21:23:57.498Z] [Project Creation Poller] Retrying task index 0
[debug] [2021-06-17T21:23:57.499Z] >>> [apiv2][query] GET https://cloudresourcemanager.googleapis.com/v1/operations/cp.6802512872118796057 [none]
[debug] [2021-06-17T21:23:57.876Z] <<< [apiv2][status] GET https://cloudresourcemanager.googleapis.com/v1/operations/cp.6802512872118796057 200
[debug] [2021-06-17T21:23:57.876Z] <<< [apiv2][body] GET https://cloudresourcemanager.googleapis.com/v1/operations/cp.6802512872118796057 {"name":"operations/cp.6802512872118796057","metadata":{"@type":"type.googleapis.com/google.cloudresourcemanager.v1.ProjectCreationStatus","gettable":true}}
[debug] [2021-06-17T21:23:59.876Z] [Project Creation Poller] Retrying task index 0
[debug] [2021-06-17T21:23:59.877Z] >>> [apiv2][query] GET https://cloudresourcemanager.googleapis.com/v1/operations/cp.6802512872118796057 [none]
[debug] [2021-06-17T21:24:00.323Z] <<< [apiv2][status] GET https://cloudresourcemanager.googleapis.com/v1/operations/cp.6802512872118796057 200
[debug] [2021-06-17T21:24:00.323Z] <<< [apiv2][body] GET https://cloudresourcemanager.googleapis.com/v1/operations/cp.6802512872118796057 {"name":"operations/cp.6802512872118796057","metadata":{"@type":"type.googleapis.com/google.cloudresourcemanager.v1.ProjectCreationStatus","gettable":true,"ready":true},"done":true,"response":{"@type":"type.googleapis.com/google.cloudresourcemanager.v1.Project","projectNumber":"1078085996989","projectId":"pogofirstapp","lifecycleState":"ACTIVE","name":"pogofirstapp","createTime":"2021-06-17T21:23:54.904Z"}}
[debug] [2021-06-17T21:24:00.324Z] > refreshing access token with scopes: ["email","https://www.googleapis.com/auth/cloud-platform","https://www.googleapis.com/auth/cloudplatformprojects.readonly","https://www.googleapis.com/auth/firebase","openid"]
[debug] [2021-06-17T21:24:00.324Z] >>> HTTP REQUEST POST https://www.googleapis.com/oauth2/v3/token  
 <request body omitted>
[debug] [2021-06-17T21:24:00.458Z] <<< HTTP RESPONSE 200 {"pragma":"no-cache","date":"Thu, 17 Jun 2021 21:24:00 GMT","cache-control":"no-cache, no-store, max-age=0, must-revalidate","expires":"Mon, 01 Jan 1990 00:00:00 GMT","content-type":"application/json; charset=utf-8","vary":"X-Origin, Referer, Origin,Accept-Encoding","server":"scaffolding on HTTPServer2","x-xss-protection":"0","x-frame-options":"SAMEORIGIN","x-content-type-options":"nosniff","alt-svc":"h3=\":443\"; ma=2592000,h3-29=\":443\"; ma=2592000,h3-T051=\":443\"; ma=2592000,h3-Q050=\":443\"; ma=2592000,h3-Q046=\":443\"; ma=2592000,h3-Q043=\":443\"; ma=2592000,quic=\":443\"; ma=2592000; v=\"46,43\"","accept-ranges":"none","transfer-encoding":"chunked"}
[debug] [2021-06-17T21:24:00.558Z] >>> HTTP REQUEST POST https://firebase.googleapis.com/v1beta1/projects/pogofirstapp:addFirebase  
 
[debug] [2021-06-17T21:24:01.869Z] <<< HTTP RESPONSE 200 {"content-type":"application/json; charset=UTF-8","vary":"X-Origin, Referer, Origin,Accept-Encoding","date":"Thu, 17 Jun 2021 21:24:01 GMT","server":"ESF","cache-control":"private","x-xss-protection":"0","x-frame-options":"SAMEORIGIN","x-content-type-options":"nosniff","alt-svc":"h3=\":443\"; ma=2592000,h3-29=\":443\"; ma=2592000,h3-T051=\":443\"; ma=2592000,h3-Q050=\":443\"; ma=2592000,h3-Q046=\":443\"; ma=2592000,h3-Q043=\":443\"; ma=2592000,quic=\":443\"; ma=2592000; v=\"46,43\"","accept-ranges":"none","transfer-encoding":"chunked"}
[debug] [2021-06-17T21:24:01.870Z] > refreshing access token with scopes: []
[debug] [2021-06-17T21:24:01.870Z] >>> HTTP REQUEST POST https://www.googleapis.com/oauth2/v3/token  
 <request body omitted>
[debug] [2021-06-17T21:24:02.024Z] <<< HTTP RESPONSE 200 {"expires":"Mon, 01 Jan 1990 00:00:00 GMT","pragma":"no-cache","date":"Thu, 17 Jun 2021 21:24:02 GMT","cache-control":"no-cache, no-store, max-age=0, must-revalidate","content-type":"application/json; charset=utf-8","vary":"X-Origin, Referer, Origin,Accept-Encoding","server":"scaffolding on HTTPServer2","x-xss-protection":"0","x-frame-options":"SAMEORIGIN","x-content-type-options":"nosniff","alt-svc":"h3=\":443\"; ma=2592000,h3-29=\":443\"; ma=2592000,h3-T051=\":443\"; ma=2592000,h3-Q050=\":443\"; ma=2592000,h3-Q046=\":443\"; ma=2592000,h3-Q043=\":443\"; ma=2592000,quic=\":443\"; ma=2592000; v=\"46,43\"","accept-ranges":"none","transfer-encoding":"chunked"}
[debug] [2021-06-17T21:24:02.134Z] >>> [apiv2][query] GET https://firebase.googleapis.com/v1beta1/operations/workflows/ODE4NDkxYTEtZjgyMS00MTc1LTgxZjMtNDUyMTJhMTM0NjIw [none]
[debug] [2021-06-17T21:24:02.447Z] <<< [apiv2][status] GET https://firebase.googleapis.com/v1beta1/operations/workflows/ODE4NDkxYTEtZjgyMS00MTc1LTgxZjMtNDUyMTJhMTM0NjIw 200
[debug] [2021-06-17T21:24:02.447Z] <<< [apiv2][body] GET https://firebase.googleapis.com/v1beta1/operations/workflows/ODE4NDkxYTEtZjgyMS00MTc1LTgxZjMtNDUyMTJhMTM0NjIw {"name":"operations/workflows/ODE4NDkxYTEtZjgyMS00MTc1LTgxZjMtNDUyMTJhMTM0NjIw"}
[debug] [2021-06-17T21:24:02.948Z] [Add Firebase Poller] Retrying task index 0
[debug] [2021-06-17T21:24:02.949Z] >>> [apiv2][query] GET https://firebase.googleapis.com/v1beta1/operations/workflows/ODE4NDkxYTEtZjgyMS00MTc1LTgxZjMtNDUyMTJhMTM0NjIw [none]
[debug] [2021-06-17T21:24:03.249Z] <<< [apiv2][status] GET https://firebase.googleapis.com/v1beta1/operations/workflows/ODE4NDkxYTEtZjgyMS00MTc1LTgxZjMtNDUyMTJhMTM0NjIw 200
[debug] [2021-06-17T21:24:03.250Z] <<< [apiv2][body] GET https://firebase.googleapis.com/v1beta1/operations/workflows/ODE4NDkxYTEtZjgyMS00MTc1LTgxZjMtNDUyMTJhMTM0NjIw {"name":"operations/workflows/ODE4NDkxYTEtZjgyMS00MTc1LTgxZjMtNDUyMTJhMTM0NjIw"}
[debug] [2021-06-17T21:24:04.250Z] [Add Firebase Poller] Retrying task index 0
[debug] [2021-06-17T21:24:04.250Z] >>> [apiv2][query] GET https://firebase.googleapis.com/v1beta1/operations/workflows/ODE4NDkxYTEtZjgyMS00MTc1LTgxZjMtNDUyMTJhMTM0NjIw [none]
[debug] [2021-06-17T21:24:04.549Z] <<< [apiv2][status] GET https://firebase.googleapis.com/v1beta1/operations/workflows/ODE4NDkxYTEtZjgyMS00MTc1LTgxZjMtNDUyMTJhMTM0NjIw 200
[debug] [2021-06-17T21:24:04.550Z] <<< [apiv2][body] GET https://firebase.googleapis.com/v1beta1/operations/workflows/ODE4NDkxYTEtZjgyMS00MTc1LTgxZjMtNDUyMTJhMTM0NjIw {"name":"operations/workflows/ODE4NDkxYTEtZjgyMS00MTc1LTgxZjMtNDUyMTJhMTM0NjIw"}
[debug] [2021-06-17T21:24:06.550Z] [Add Firebase Poller] Retrying task index 0
[debug] [2021-06-17T21:24:06.551Z] >>> [apiv2][query] GET https://firebase.googleapis.com/v1beta1/operations/workflows/ODE4NDkxYTEtZjgyMS00MTc1LTgxZjMtNDUyMTJhMTM0NjIw [none]
[debug] [2021-06-17T21:24:06.957Z] <<< [apiv2][status] GET https://firebase.googleapis.com/v1beta1/operations/workflows/ODE4NDkxYTEtZjgyMS00MTc1LTgxZjMtNDUyMTJhMTM0NjIw 200
[debug] [2021-06-17T21:24:06.958Z] <<< [apiv2][body] GET https://firebase.googleapis.com/v1beta1/operations/workflows/ODE4NDkxYTEtZjgyMS00MTc1LTgxZjMtNDUyMTJhMTM0NjIw {"name":"operations/workflows/ODE4NDkxYTEtZjgyMS00MTc1LTgxZjMtNDUyMTJhMTM0NjIw"}
[debug] [2021-06-17T21:24:10.959Z] [Add Firebase Poller] Retrying task index 0
[debug] [2021-06-17T21:24:10.959Z] >>> [apiv2][query] GET https://firebase.googleapis.com/v1beta1/operations/workflows/ODE4NDkxYTEtZjgyMS00MTc1LTgxZjMtNDUyMTJhMTM0NjIw [none]
[debug] [2021-06-17T21:24:11.161Z] <<< [apiv2][status] GET https://firebase.googleapis.com/v1beta1/operations/workflows/ODE4NDkxYTEtZjgyMS00MTc1LTgxZjMtNDUyMTJhMTM0NjIw 200
[debug] [2021-06-17T21:24:11.162Z] <<< [apiv2][body] GET https://firebase.googleapis.com/v1beta1/operations/workflows/ODE4NDkxYTEtZjgyMS00MTc1LTgxZjMtNDUyMTJhMTM0NjIw {"name":"operations/workflows/ODE4NDkxYTEtZjgyMS00MTc1LTgxZjMtNDUyMTJhMTM0NjIw","done":true,"response":{"@type":"type.googleapis.com/google.firebase.service.v1beta1.FirebaseProject","projectId":"pogofirstapp","projectNumber":"1078085996989","displayName":"pogofirstapp","name":"projects/pogofirstapp","resources":{"hostingSite":"pogofirstapp"}}}
[info] 
[info] 🎉🎉🎉 Your Firebase project is ready! 🎉🎉🎉
[info] 
[info] Project information:
[info]    - Project ID: pogofirstapp
[info]    - Project Name: pogofirstapp
[info] 
[info] Firebase console is available at
[info] https://console.firebase.google.com/project/pogofirstapp/overview
[info] i  Using project pogofirstapp (pogofirstapp) 
[info] 
=== Hosting Setup
[info] 
[info] Your public directory is the folder (relative to your project directory) that
[info] will contain Hosting assets to be uploaded with firebase deploy. If you
[info] have a build process for your assets, use your build's output directory.
[info] 
[debug] [2021-06-17T21:27:53.417Z] >>> [apiv2][query] GET https://www.gstatic.com/firebasejs/releases.json [none]
[debug] [2021-06-17T21:27:53.537Z] <<< [apiv2][status] GET https://www.gstatic.com/firebasejs/releases.json 200
[debug] [2021-06-17T21:27:53.537Z] <<< [apiv2][body] GET https://www.gstatic.com/firebasejs/releases.json {"current":{"version":"8.6.7","browserURL":"https://www.gstatic.com/firebasejs/8.6.7/firebase.js","packageURL":"https://www.gstatic.com/firebasejs/8.6.7/firebase.tgz"},"live":{"version":"8.6","browserURL":"https://www.gstatic.com/firebasejs/live/8.6/firebase.js","packageURL":"https://www.gstatic.com/firebasejs/live/8.6/firebase.tgz"},"components":{"analytics":"https://www.gstatic.com/firebasejs/8.6.7/firebase-analytics.js","app":"https://www.gstatic.com/firebasejs/8.6.7/firebase-app.js","app-check":"https://www.gstatic.com/firebasejs/8.6.7/firebase-app-check.js","auth":"https://www.gstatic.com/firebasejs/8.6.7/firebase-auth.js","database":"https://www.gstatic.com/firebasejs/8.6.7/firebase-database.js","firestore":"https://www.gstatic.com/firebasejs/8.6.7/firebase-firestore.js","functions":"https://www.gstatic.com/firebasejs/8.6.7/firebase-functions.js","installations":"https://www.gstatic.com/firebasejs/8.6.7/firebase-installations.js","messaging":"https://www.gstatic.com/firebasejs/8.6.7/firebase-messaging.js","storage":"https://www.gstatic.com/firebasejs/8.6.7/firebase-storage.js","performance":"https://www.gstatic.com/firebasejs/8.6.7/firebase-performance.js","remote-config":"https://www.gstatic.com/firebasejs/8.6.7/firebase-remote-config.js","firestore.memory":"https://www.gstatic.com/firebasejs/8.6.7/firebase-firestore.memory.js"}}
[info] i  Skipping write of public/index.html 
[info] 
[info] i  Detected a .git folder at /home/stewart/Downloads/google-cloud/projects/first/my-app 
[info] i  Authorizing with GitHub to upload your service account to a GitHub repository's secrets store. 
[info] 
[info] Visit this URL on this device to log in:
[info] https://github.com/login/oauth/authorize?client_id=89cf50f02ac6aaed3484&state=235554451&redirect_uri=http%3A%2F%2Flocalhost%3A9005&scope=read%3Auser%20repo%20public_repo
[info] 
[info] Waiting for authentication...
[debug] [2021-06-17T21:28:52.065Z] >>> HTTP REQUEST POST https://github.com/login/oauth/access_token  
 {"client_id":"89cf50f02ac6aaed3484","client_secret":"3330d14abc895d9a74d5f17cd7a00711fa2c5bf0","code":"85296526168d1b554676","redirect_uri":"http://localhost:9005","state":"235554451"}
[debug] [2021-06-17T21:28:52.340Z] <<< HTTP RESPONSE 200 {"server":"GitHub.com","date":"Thu, 17 Jun 2021 21:28:52 GMT","content-type":"application/json; charset=utf-8","transfer-encoding":"chunked","vary":"X-PJAX, Accept-Encoding, Accept, X-Requested-With","permissions-policy":"interest-cohort=()","etag":"W/\"160a26b789d96bcc80060a29a57e13d7\"","cache-control":"max-age=0, private, must-revalidate","strict-transport-security":"max-age=31536000; includeSubdomains; preload","x-frame-options":"deny","x-content-type-options":"nosniff","x-xss-protection":"0","referrer-policy":"origin-when-cross-origin, strict-origin-when-cross-origin","expect-ct":"max-age=2592000, report-uri=\"https://api.github.com/_private/browser/errors\"","content-security-policy":"default-src 'none'; base-uri 'self'; block-all-mixed-content; connect-src 'self' uploads.github.com www.githubstatus.com collector.githubapp.com api.github.com github-cloud.s3.amazonaws.com github-production-repository-file-5c1aeb.s3.amazonaws.com github-production-upload-manifest-file-7fdce7.s3.amazonaws.com github-production-user-asset-6210df.s3.amazonaws.com html-translator.herokuapp.com cdn.optimizely.com logx.optimizely.com/v1/events wss://alive.github.com; font-src github.githubassets.com; form-action 'self' github.com gist.github.com; frame-ancestors 'none'; frame-src render.githubusercontent.com; img-src 'self' data: github.githubassets.com identicons.github.com collector.githubapp.com github-cloud.s3.amazonaws.com secured-user-images.githubusercontent.com/ *.githubusercontent.com; manifest-src 'self'; media-src 'none'; script-src github.githubassets.com; style-src 'unsafe-inline' github.githubassets.com; worker-src github.com/socket-worker-3f088aa2.js gist.github.com/socket-worker-3f088aa2.js","x-github-request-id":"AB7C:799A:1183C9B:17B05BD:60CBBE94"}
[debug] [2021-06-17T21:28:52.346Z] >>> [apiv2][query] GET https://api.github.com/user [none]
[debug] [2021-06-17T21:28:52.555Z] <<< [apiv2][status] GET https://api.github.com/user 200
[debug] [2021-06-17T21:28:52.555Z] <<< [apiv2][body] GET https://api.github.com/user {"login":"stewartnjohnston","id":3363728,"node_id":"MDQ6VXNlcjMzNjM3Mjg=","avatar_url":"https://avatars.githubusercontent.com/u/3363728?v=4","gravatar_id":"","url":"https://api.github.com/users/stewartnjohnston","html_url":"https://github.com/stewartnjohnston","followers_url":"https://api.github.com/users/stewartnjohnston/followers","following_url":"https://api.github.com/users/stewartnjohnston/following{/other_user}","gists_url":"https://api.github.com/users/stewartnjohnston/gists{/gist_id}","starred_url":"https://api.github.com/users/stewartnjohnston/starred{/owner}{/repo}","subscriptions_url":"https://api.github.com/users/stewartnjohnston/subscriptions","organizations_url":"https://api.github.com/users/stewartnjohnston/orgs","repos_url":"https://api.github.com/users/stewartnjohnston/repos","events_url":"https://api.github.com/users/stewartnjohnston/events{/privacy}","received_events_url":"https://api.github.com/users/stewartnjohnston/received_events","type":"User","site_admin":false,"name":null,"company":null,"blog":"","location":null,"email":null,"hireable":null,"bio":null,"twitter_username":null,"public_repos":6,"public_gists":0,"followers":0,"following":0,"created_at":"2013-01-24T03:57:53Z","updated_at":"2021-06-17T21:28:41Z","private_gists":0,"total_private_repos":0,"owned_private_repos":0,"disk_usage":310523,"collaborators":0,"two_factor_authentication":false,"plan":{"name":"free","space":976562499,"collaborators":0,"private_repos":10000}}
[info] 
[info] ✔  Success! Logged into GitHub as stewartnjohnston 
[info] 
[debug] [2021-06-17T21:29:44.920Z] >>> [apiv2][query] GET https://api.github.com/repos//actions/secrets/public-key type=owner
[debug] [2021-06-17T21:29:45.085Z] <<< [apiv2][status] GET https://api.github.com/repos//actions/secrets/public-key 404
[debug] [2021-06-17T21:29:45.085Z] <<< [apiv2][body] GET https://api.github.com/repos//actions/secrets/public-key {"message":"Not Found","documentation_url":"https://docs.github.com/rest"}
[debug] [2021-06-17T21:29:52.333Z] >>> [apiv2][query] GET https://api.github.com/repos//actions/secrets/public-key type=owner
[debug] [2021-06-17T21:29:52.669Z] <<< [apiv2][status] GET https://api.github.com/repos//actions/secrets/public-key 404
[debug] [2021-06-17T21:29:52.669Z] <<< [apiv2][body] GET https://api.github.com/repos//actions/secrets/public-key {"message":"Not Found","documentation_url":"https://docs.github.com/rest"}
[debug] [2021-06-17T21:34:38.073Z] >>> [apiv2][query] GET https://api.github.com/repos//actions/secrets/public-key type=owner
[debug] [2021-06-17T21:34:38.231Z] <<< [apiv2][status] GET https://api.github.com/repos//actions/secrets/public-key 404
[debug] [2021-06-17T21:34:38.231Z] <<< [apiv2][body] GET https://api.github.com/repos//actions/secrets/public-key {"message":"Not Found","documentation_url":"https://docs.github.com/rest"}
[debug] [2021-06-17T21:34:39.290Z] >>> [apiv2][query] GET https://api.github.com/repos//actions/secrets/public-key type=owner
[debug] [2021-06-17T21:34:39.462Z] <<< [apiv2][status] GET https://api.github.com/repos//actions/secrets/public-key 404
[debug] [2021-06-17T21:34:39.462Z] <<< [apiv2][body] GET https://api.github.com/repos//actions/secrets/public-key {"message":"Not Found","documentation_url":"https://docs.github.com/rest"}
[debug] [2021-06-17T21:34:39.513Z] >>> [apiv2][query] GET https://api.github.com/repos//actions/secrets/public-key type=owner
[debug] [2021-06-17T21:34:39.677Z] <<< [apiv2][status] GET https://api.github.com/repos//actions/secrets/public-key 404
[debug] [2021-06-17T21:34:39.678Z] <<< [apiv2][body] GET https://api.github.com/repos//actions/secrets/public-key {"message":"Not Found","documentation_url":"https://docs.github.com/rest"}
[debug] [2021-06-17T21:34:39.729Z] >>> [apiv2][query] GET https://api.github.com/repos//actions/secrets/public-key type=owner
[debug] [2021-06-17T21:34:39.883Z] <<< [apiv2][status] GET https://api.github.com/repos//actions/secrets/public-key 404
[debug] [2021-06-17T21:34:39.883Z] <<< [apiv2][body] GET https://api.github.com/repos//actions/secrets/public-key {"message":"Not Found","documentation_url":"https://docs.github.com/rest"}
[debug] [2021-06-17T21:34:41.336Z] >>> [apiv2][query] GET https://api.github.com/repos//actions/secrets/public-key type=owner
[debug] [2021-06-17T21:34:41.506Z] <<< [apiv2][status] GET https://api.github.com/repos//actions/secrets/public-key 404
[debug] [2021-06-17T21:34:41.506Z] <<< [apiv2][body] GET https://api.github.com/repos//actions/secrets/public-key {"message":"Not Found","documentation_url":"https://docs.github.com/rest"}
[debug] [2021-06-17T21:34:42.234Z] >>> [apiv2][query] GET https://api.github.com/repos//actions/secrets/public-key type=owner
[debug] [2021-06-17T21:34:42.389Z] <<< [apiv2][status] GET https://api.github.com/repos//actions/secrets/public-key 404
[debug] [2021-06-17T21:34:42.390Z] <<< [apiv2][body] GET https://api.github.com/repos//actions/secrets/public-key {"message":"Not Found","documentation_url":"https://docs.github.com/rest"}
[debug] [2021-06-17T21:34:42.425Z] >>> [apiv2][query] GET https://api.github.com/repos//actions/secrets/public-key type=owner
[debug] [2021-06-17T21:34:42.587Z] <<< [apiv2][status] GET https://api.github.com/repos//actions/secrets/public-key 404
[debug] [2021-06-17T21:34:42.588Z] <<< [apiv2][body] GET https://api.github.com/repos//actions/secrets/public-key {"message":"Not Found","documentation_url":"https://docs.github.com/rest"}
[debug] [2021-06-17T21:34:42.593Z] >>> [apiv2][query] GET https://api.github.com/repos//actions/secrets/public-key type=owner
[debug] [2021-06-17T21:34:42.757Z] <<< [apiv2][status] GET https://api.github.com/repos//actions/secrets/public-key 404
[debug] [2021-06-17T21:34:42.757Z] <<< [apiv2][body] GET https://api.github.com/repos//actions/secrets/public-key {"message":"Not Found","documentation_url":"https://docs.github.com/rest"}
[debug] [2021-06-17T21:34:42.762Z] >>> [apiv2][query] GET https://api.github.com/repos//actions/secrets/public-key type=owner
[debug] [2021-06-17T21:34:42.903Z] <<< [apiv2][status] GET https://api.github.com/repos//actions/secrets/public-key 404
[debug] [2021-06-17T21:34:42.903Z] <<< [apiv2][body] GET https://api.github.com/repos//actions/secrets/public-key {"message":"Not Found","documentation_url":"https://docs.github.com/rest"}
[debug] [2021-06-17T21:37:26.749Z] >>> [apiv2][query] GET https://api.github.com/repos//actions/secrets/public-key type=owner
[debug] [2021-06-17T21:37:26.934Z] <<< [apiv2][status] GET https://api.github.com/repos//actions/secrets/public-key 404
[debug] [2021-06-17T21:37:26.934Z] <<< [apiv2][body] GET https://api.github.com/repos//actions/secrets/public-key {"message":"Not Found","documentation_url":"https://docs.github.com/rest"}
[debug] [2021-06-17T21:37:26.958Z] >>> [apiv2][query] GET https://api.github.com/repos//actions/secrets/public-key type=owner
[debug] [2021-06-17T21:37:27.131Z] <<< [apiv2][status] GET https://api.github.com/repos//actions/secrets/public-key 404
[debug] [2021-06-17T21:37:27.131Z] <<< [apiv2][body] GET https://api.github.com/repos//actions/secrets/public-key {"message":"Not Found","documentation_url":"https://docs.github.com/rest"}
[debug] [2021-06-17T21:37:27.151Z] >>> [apiv2][query] GET https://api.github.com/repos//actions/secrets/public-key type=owner
[debug] [2021-06-17T21:37:27.303Z] <<< [apiv2][status] GET https://api.github.com/repos//actions/secrets/public-key 404
[debug] [2021-06-17T21:37:27.303Z] <<< [apiv2][body] GET https://api.github.com/repos//actions/secrets/public-key {"message":"Not Found","documentation_url":"https://docs.github.com/rest"}
[debug] [2021-06-17T21:37:27.351Z] >>> [apiv2][query] GET https://api.github.com/repos//actions/secrets/public-key type=owner
[debug] [2021-06-17T21:37:27.502Z] <<< [apiv2][status] GET https://api.github.com/repos//actions/secrets/public-key 404
[debug] [2021-06-17T21:37:27.502Z] <<< [apiv2][body] GET https://api.github.com/repos//actions/secrets/public-key {"message":"Not Found","documentation_url":"https://docs.github.com/rest"}
[debug] [2021-06-18T02:43:31.579Z] >>> [apiv2][query] GET https://api.github.com/repos//actions/secrets/public-key type=owner
[debug] [2021-06-18T02:43:31.734Z] <<< [apiv2][status] GET https://api.github.com/repos//actions/secrets/public-key 404
[debug] [2021-06-18T02:43:31.734Z] <<< [apiv2][body] GET https://api.github.com/repos//actions/secrets/public-key {"message":"Not Found","documentation_url":"https://docs.github.com/rest"}
[debug] [2021-06-18T02:43:33.144Z] >>> [apiv2][query] GET https://api.github.com/repos//actions/secrets/public-key type=owner
[debug] [2021-06-18T02:43:33.292Z] <<< [apiv2][status] GET https://api.github.com/repos//actions/secrets/public-key 404
[debug] [2021-06-18T02:43:33.292Z] <<< [apiv2][body] GET https://api.github.com/repos//actions/secrets/public-key {"message":"Not Found","documentation_url":"https://docs.github.com/rest"}
